<?xml version="1.0" encoding="UTF-8"?>
<testsuite name="builders.io.bank.transactions.infrastructure.TransactionPostControllerTest" tests="1" skipped="0" failures="0" errors="0" timestamp="2023-02-24T19:28:57" hostname="MacBook-Pro-de-autentia-2.local" time="0.019">
  <properties/>
  <testcase name="sendTransactionSuccess()" classname="builders.io.bank.transactions.infrastructure.TransactionPostControllerTest" time="0.019"/>
  <system-out><![CDATA[2023-02-24T20:28:57.932+01:00  INFO 19080 --- [    Test worker] b.i.b.t.i.TransactionPostController      : New request: Send transaction
2023-02-24T20:28:57.933+01:00  INFO 19080 --- [    Test worker] b.i.b.t.i.TransactionPostController      : Transaction sent correctly
]]></system-out>
  <system-err><![CDATA[]]></system-err>
</testsuite>
