<?xml version="1.0" encoding="UTF-8"?>
<testsuite name="builders.io.bank.transactions.infrastructure.TransactionRequestTest" tests="4" skipped="0" failures="0" errors="0" timestamp="2023-02-24T19:28:57" hostname="MacBook-Pro-de-autentia-2.local" time="0.002">
  <properties/>
  <testcase name="method_returnValue()" classname="builders.io.bank.transactions.infrastructure.TransactionRequestTest" time="0.001"/>
  <testcase name="from_returnValue()" classname="builders.io.bank.transactions.infrastructure.TransactionRequestTest" time="0.0"/>
  <testcase name="to_returnValue()" classname="builders.io.bank.transactions.infrastructure.TransactionRequestTest" time="0.001"/>
  <testcase name="value_returnValue()" classname="builders.io.bank.transactions.infrastructure.TransactionRequestTest" time="0.0"/>
  <system-out><![CDATA[]]></system-out>
  <system-err><![CDATA[]]></system-err>
</testsuite>
