<?xml version="1.0" encoding="UTF-8"?>
<testsuite name="builders.io.bank.transactions.application.TransactionFinderTest" tests="1" skipped="0" failures="0" errors="0" timestamp="2023-02-24T19:28:57" hostname="MacBook-Pro-de-autentia-2.local" time="0.045">
  <properties/>
  <testcase name="findByAddress()" classname="builders.io.bank.transactions.application.TransactionFinderTest" time="0.045"/>
  <system-out><![CDATA[]]></system-out>
  <system-err><![CDATA[]]></system-err>
</testsuite>
