<?xml version="1.0" encoding="UTF-8"?>
<testsuite name="builders.io.bank.transactions.infrastructure.hibernate.TransactionJPARepositoryTest" tests="3" skipped="0" failures="0" errors="0" timestamp="2023-02-24T19:28:57" hostname="MacBook-Pro-de-autentia-2.local" time="0.086">
  <properties/>
  <testcase name="findAll()" classname="builders.io.bank.transactions.infrastructure.hibernate.TransactionJPARepositoryTest" time="0.083"/>
  <testcase name="save()" classname="builders.io.bank.transactions.infrastructure.hibernate.TransactionJPARepositoryTest" time="0.002"/>
  <testcase name="findByAddress()" classname="builders.io.bank.transactions.infrastructure.hibernate.TransactionJPARepositoryTest" time="0.001"/>
  <system-out><![CDATA[]]></system-out>
  <system-err><![CDATA[]]></system-err>
</testsuite>
