<?xml version="1.0" encoding="UTF-8"?>
<testsuite name="builders.io.bank.virtualmachine.application.TransferTrxTest" tests="1" skipped="0" failures="0" errors="0" timestamp="2023-02-24T19:28:58" hostname="MacBook-Pro-de-autentia-2.local" time="0.002">
  <properties/>
  <testcase name="execute()" classname="builders.io.bank.virtualmachine.application.TransferTrxTest" time="0.002"/>
  <system-out><![CDATA[2023-02-24T20:28:58.286+01:00  INFO 19080 --- [    Test worker] b.i.b.v.application.TransferTrx          : Execution TRANSFER transaction -> From Address: null Value: null
2023-02-24T20:28:58.286+01:00  INFO 19080 --- [    Test worker] b.i.b.v.application.TransferTrx          :                                -> To   Address: null Value: value
]]></system-out>
  <system-err><![CDATA[]]></system-err>
</testsuite>
