<?xml version="1.0" encoding="UTF-8"?>
<testsuite name="builders.io.bank.transactions.infrastructure.persistence.TransactionEntityMapperTest" tests="2" skipped="0" failures="0" errors="0" timestamp="2023-02-24T19:28:58" hostname="MacBook-Pro-de-autentia-2.local" time="0.038">
  <properties/>
  <testcase name="transactionEntityToTransaction()" classname="builders.io.bank.transactions.infrastructure.persistence.TransactionEntityMapperTest" time="0.036"/>
  <testcase name="transactionToTransactionEntity()" classname="builders.io.bank.transactions.infrastructure.persistence.TransactionEntityMapperTest" time="0.002"/>
  <system-out><![CDATA[]]></system-out>
  <system-err><![CDATA[]]></system-err>
</testsuite>
