<?xml version="1.0" encoding="UTF-8"?>
<testsuite name="builders.io.bank.transactions.infrastructure.TransactionGetControllerTest" tests="1" skipped="0" failures="0" errors="0" timestamp="2023-02-24T19:28:57" hostname="MacBook-Pro-de-autentia-2.local" time="0.02">
  <properties/>
  <testcase name="getTransactionsByAddress()" classname="builders.io.bank.transactions.infrastructure.TransactionGetControllerTest" time="0.02"/>
  <system-out><![CDATA[2023-02-24T20:28:57.911+01:00  INFO 19080 --- [    Test worker] b.i.b.t.i.TransactionGetController       : New request: Get transactions of wallet: addressMock
]]></system-out>
  <system-err><![CDATA[]]></system-err>
</testsuite>
