<?xml version="1.0" encoding="UTF-8"?>
<testsuite name="builders.io.bank.wallet.infrastructure.RequestNewWalletTest" tests="1" skipped="0" failures="0" errors="0" timestamp="2023-02-24T19:28:58" hostname="MacBook-Pro-de-autentia-2.local" time="0.0">
  <properties/>
  <testcase name="userId_returnValue()" classname="builders.io.bank.wallet.infrastructure.RequestNewWalletTest" time="0.0"/>
  <system-out><![CDATA[]]></system-out>
  <system-err><![CDATA[]]></system-err>
</testsuite>
