<?xml version="1.0" encoding="UTF-8"?>
<testsuite name="builders.io.bank.wallet.infrastructure.persistence.WalletEntityMapperTest" tests="2" skipped="0" failures="0" errors="0" timestamp="2023-02-24T19:28:58" hostname="MacBook-Pro-de-autentia-2.local" time="0.004">
  <properties/>
  <testcase name="walletEntityToWallet()" classname="builders.io.bank.wallet.infrastructure.persistence.WalletEntityMapperTest" time="0.002"/>
  <testcase name="walletToWalletEntity()" classname="builders.io.bank.wallet.infrastructure.persistence.WalletEntityMapperTest" time="0.002"/>
  <system-out><![CDATA[]]></system-out>
  <system-err><![CDATA[]]></system-err>
</testsuite>
