<?xml version="1.0" encoding="UTF-8"?>
<testsuite name="builders.io.bank.shared.infrastructure.bus.event.info.InfoConsumerTest" tests="3" skipped="0" failures="0" errors="0" timestamp="2023-02-24T19:28:57" hostname="MacBook-Pro-de-autentia-2.local" time="0.206">
  <properties/>
  <testcase name="accept_whenWalletBalanceUpdatedDomainEvent()" classname="builders.io.bank.shared.infrastructure.bus.event.info.InfoConsumerTest" time="0.174"/>
  <testcase name="acceptError()" classname="builders.io.bank.shared.infrastructure.bus.event.info.InfoConsumerTest" time="0.006"/>
  <testcase name="accept_whenWalletCreatedDomainEvent()" classname="builders.io.bank.shared.infrastructure.bus.event.info.InfoConsumerTest" time="0.022"/>
  <system-out><![CDATA[2023-02-24T20:28:57.593+01:00  WARN 19080 --- [    Test worker] b.i.b.s.i.bus.event.info.InfoConsumer    : Wallet notifications interrupted!: null
]]></system-out>
  <system-err><![CDATA[]]></system-err>
</testsuite>
