<?xml version="1.0" encoding="UTF-8"?>
<testsuite name="builders.io.bank.virtualmachine.application.AddBalanceTrxTest" tests="1" skipped="0" failures="0" errors="0" timestamp="2023-02-24T19:28:58" hostname="MacBook-Pro-de-autentia-2.local" time="0.001">
  <properties/>
  <testcase name="execute()" classname="builders.io.bank.virtualmachine.application.AddBalanceTrxTest" time="0.001"/>
  <system-out><![CDATA[2023-02-24T20:28:58.282+01:00  INFO 19080 --- [    Test worker] b.i.b.v.application.AddBalanceTrx        : Execution ADD_BALANCE transaction: Address: null Value: null
]]></system-out>
  <system-err><![CDATA[]]></system-err>
</testsuite>
